<?xml version="1.0" encoding="UTF-8"?>
<!-- Generated by org.testng.reporters.JUnitReportReporter -->
<testsuite hostname="DESKTOP-JEL43P4" failures="0" tests="1" name="test_maven.SimpleMaven" time="11.819" errors="0" timestamp="2023-10-05T01:40:06 OMST" skipped="0">
  <testcase classname="test_maven.SimpleMaven" name="runBrowser" time="11.819"/>
</testsuite> <!-- test_maven.SimpleMaven -->
